12/19/22 08:34:51 PM: INFO: Test_001_login: *******Test homepage title******
12/19/22 08:34:54 PM: INFO: Test_001_login: Passed
12/19/22 08:34:58 PM: INFO: Test_001_login: *****Test login******
12/19/22 08:35:09 PM: INFO: Test_001_login: Passed
12/20/22 10:50:40 AM: INFO: Test_001_login: *******Test homepage title******
12/20/22 10:50:44 AM: INFO: Test_001_login: Passed
12/20/22 10:50:48 AM: INFO: Test_001_login: *****Test login******
12/20/22 10:50:58 AM: INFO: Test_001_login: Passed
12/20/22 10:55:56 AM: INFO: Test_001_login: *****Test login******
12/20/22 10:55:57 AM: INFO: Test_001_login: *******Test homepage title******
12/20/22 10:55:59 AM: INFO: Test_001_login: Passed
12/20/22 10:56:07 AM: INFO: Test_001_login: Passed
12/20/22 11:03:13 AM: INFO: Test_001_login: *******Test homepage title******
12/20/22 11:03:13 AM: INFO: Test_001_login: *****Test login******
12/20/22 11:03:15 AM: INFO: Test_001_login: Passed
12/20/22 11:03:25 AM: INFO: Test_001_login: Passed
12/20/22 11:07:38 AM: INFO: Test_001_login: *******Test homepage title******
12/20/22 11:07:41 AM: INFO: Test_001_login: Passed
12/20/22 11:07:46 AM: INFO: Test_001_login: *****Test login******
12/20/22 11:08:01 AM: INFO: Test_001_login: Passed
12/20/22 11:09:50 AM: INFO: Test_001_login: *******Test homepage title******
12/20/22 11:09:52 AM: INFO: Test_001_login: Passed
12/20/22 11:09:57 AM: INFO: Test_001_login: *****Test login******
12/20/22 11:10:10 AM: INFO: Test_001_login: Passed
12/20/22 11:11:56 AM: INFO: Test_001_login: *******Test homepage title******
12/20/22 11:11:58 AM: INFO: Test_001_login: Passed
12/20/22 11:12:03 AM: INFO: Test_001_login: *****Test login******
12/20/22 11:12:15 AM: INFO: Test_001_login: Passed
12/20/22 11:14:39 AM: INFO: Test_001_login: *******Test homepage title******
12/20/22 11:14:42 AM: INFO: Test_001_login: Passed
12/20/22 11:14:46 AM: INFO: Test_001_login: *****Test login******
12/20/22 11:15:00 AM: INFO: Test_001_login: Passed
12/20/22 11:16:38 AM: INFO: Test_001_login: *******Test homepage title******
12/20/22 11:16:41 AM: INFO: Test_001_login: Passed
12/20/22 11:16:46 AM: INFO: Test_001_login: *****Test login******
12/20/22 11:16:59 AM: INFO: Test_001_login: Passed
12/20/22 11:25:57 AM: INFO: Test_001_login: *******Test homepage title******
12/20/22 11:25:59 AM: INFO: Test_001_login: Passed
12/20/22 11:26:04 AM: INFO: Test_001_login: *****Test login******
12/20/22 11:26:15 AM: INFO: Test_001_login: Passed
12/20/22 11:28:32 AM: INFO: Test_001_login: *******Test homepage title******
12/20/22 11:28:34 AM: INFO: Test_001_login: Passed
12/20/22 11:28:39 AM: INFO: Test_001_login: *****Test login******
12/20/22 11:28:52 AM: INFO: Test_001_login: Passed
12/20/22 12:46:44 PM: INFO: Test_001_login: *****Test login******
12/20/22 12:49:03 PM: INFO: Test_001_login: *****Test login******
12/20/22 12:49:18 PM: INFO: Test_001_login: ***Test passed***
12/20/22 09:16:50 PM: INFO: Test_003_addcustomer: *****Test login******
12/20/22 09:17:01 PM: INFO: Test_003_addcustomer: *****Test Add customer start******
12/20/22 09:21:21 PM: INFO: Test_003_addcustomer: *****Test login******
12/20/22 09:21:32 PM: INFO: Test_003_addcustomer: *****Test Add customer start******
12/21/22 10:31:21 AM: INFO: Test_001_login: *******Test homepage title******
12/21/22 10:31:21 AM: INFO: Test_001_login: *******Test homepage title******
12/21/22 10:31:23 AM: INFO: Test_001_login: Passed
12/21/22 10:31:23 AM: INFO: Test_001_login: Passed
12/21/22 10:31:28 AM: INFO: Test_001_login: *****Test login******
12/21/22 10:31:28 AM: INFO: Test_001_login: *****Test login******
12/21/22 10:31:42 AM: INFO: Test_001_login: Passed
12/21/22 10:31:42 AM: INFO: Test_001_login: Passed
12/21/22 10:32:59 AM: INFO: Test_003_addcustomer: *****Test login******
12/21/22 10:33:13 AM: INFO: Test_003_addcustomer: *****Test Add customer start******
12/21/22 10:33:26 AM: INFO: Test_001_login: *****Test login******
12/21/22 10:33:26 AM: INFO: Test_001_login: *****Test login******
12/21/22 10:33:38 AM: INFO: Test_001_login: Passed
12/21/22 10:33:38 AM: INFO: Test_001_login: Passed
12/21/22 10:35:33 AM: INFO: Test_001_login: *******Test homepage title******
12/21/22 10:35:33 AM: INFO: Test_001_login: *******Test homepage title******
12/21/22 10:35:35 AM: INFO: Test_001_login: Passed
12/21/22 10:35:35 AM: INFO: Test_001_login: Passed
12/21/22 10:35:40 AM: INFO: Test_001_login: *****Test login******
12/21/22 10:35:40 AM: INFO: Test_001_login: *****Test login******
12/21/22 10:35:52 AM: INFO: Test_001_login: Passed
12/21/22 10:35:52 AM: INFO: Test_001_login: Passed
12/21/22 11:14:08 AM: INFO: Test_001_login: *******Test homepage title******
12/21/22 11:14:08 AM: INFO: Test_001_login: *******Test homepage title******
12/21/22 11:14:15 AM: INFO: Test_001_login: *****Test login******
12/21/22 11:14:15 AM: INFO: Test_001_login: *****Test login******
12/21/22 11:14:48 AM: INFO: Test_001_login: *******Test homepage title******
12/21/22 11:14:48 AM: INFO: Test_001_login: *******Test homepage title******
12/21/22 11:14:50 AM: INFO: Test_001_login: Passed
12/21/22 11:14:50 AM: INFO: Test_001_login: Passed
12/21/22 11:14:56 AM: INFO: Test_001_login: *****Test login******
12/21/22 11:14:56 AM: INFO: Test_001_login: *****Test login******
